2025-12-06 21:51:51 [AWT-EventQueue-0] INFO : Приложение запущено
2025-12-06 21:52:05 [AWT-EventQueue-0] INFO : Пользователь вошел: admin
2025-12-06 21:52:14 [AWT-EventQueue-0] INFO : Добавлено 5 новых рейсов
2025-12-06 21:52:15 [AWT-EventQueue-0] INFO : Добавлено 5 новых рейсов
2025-12-06 21:52:16 [AWT-EventQueue-0] INFO : Добавлено 5 новых рейсов
2025-12-06 21:52:28 [AWT-EventQueue-0] INFO : Поиск рейсов выполнен: from='' to='алматы' date=''
2025-12-06 21:52:33 [AWT-EventQueue-0] INFO : Пользователь вышел: admin
2025-12-06 21:52:44 [AWT-EventQueue-0] INFO : Пользователь вошел: oleg
2025-12-06 21:52:47 [AWT-EventQueue-0] INFO : Пользователь вышел: oleg
2025-12-06 21:52:53 [AWT-EventQueue-0] WARN : Попытка входа с пустыми полями
2025-12-06 21:52:59 [AWT-EventQueue-0] WARN : Неудачная попытка входа: admin
2025-12-06 21:53:03 [AWT-EventQueue-0] INFO : Пользователь вошел: admin
2025-12-06 21:56:04 [AWT-EventQueue-0] INFO : Приложение запущено
2025-12-06 21:56:12 [AWT-EventQueue-0] WARN : Попытка регистрации существующим логином: 222
2025-12-06 21:56:20 [AWT-EventQueue-0] INFO : Пользователь вошел: 222
2025-12-06 21:56:29 [AWT-EventQueue-0] INFO : Поиск рейсов выполнен: from='' to='париж' date=''
2025-12-06 21:56:42 [AWT-EventQueue-0] INFO : Поиск рейсов выполнен: from='' to='' date='2025-12-07'
2025-12-06 21:56:47 [AWT-EventQueue-0] INFO : Поиск рейсов выполнен: from='' to='' date=''
2025-12-06 21:56:53 [AWT-EventQueue-0] INFO : Поиск рейсов выполнен: from='москва' to='' date=''
2025-12-06 21:56:56 [AWT-EventQueue-0] INFO : Добавлено 5 новых рейсов
2025-12-06 21:56:58 [AWT-EventQueue-0] INFO : Пользователь вышел: 222
2025-12-06 21:57:08 [AWT-EventQueue-0] INFO : Пользователь вошел: admin
2025-12-06 22:00:09 [AWT-EventQueue-0] INFO : Приложение запущено
2025-12-06 22:00:21 [AWT-EventQueue-0] WARN : Неудачная попытка входа: admin
2025-12-06 22:00:26 [AWT-EventQueue-0] INFO : Пользователь вошел: admin
2025-12-06 22:01:06 [AWT-EventQueue-0] INFO : Приложение запущено
2025-12-06 22:01:06 [AWT-EventQueue-0] INFO : Главное окно приложения отображено
2025-12-06 22:01:18 [AWT-EventQueue-0] INFO : Пользователь вошел: admin
2025-12-06 22:01:29 [AWT-EventQueue-0] INFO : Рейс удален: KC392
2025-12-06 22:01:41 [AWT-EventQueue-0] INFO : Рейс обновлен: KC600
2025-12-06 22:01:42 [AWT-EventQueue-0] INFO : Добавлено 5 новых рейсов
2025-12-06 22:01:44 [AWT-EventQueue-0] INFO : Пользователь вышел: admin
2025-12-06 22:01:53 [AWT-EventQueue-0] WARN : Попытка регистрации с уже существующим логином: 222
2025-12-06 22:24:08 [AWT-EventQueue-0] INFO : Приложение запущено
2025-12-06 22:24:08 [AWT-EventQueue-0] INFO : Главное окно приложения отображено
2025-12-07 17:40:37 [AWT-EventQueue-0] INFO : Приложение запущено
2025-12-07 17:40:37 [AWT-EventQueue-0] INFO : Главное окно приложения отображено
2025-12-07 17:40:48 [AWT-EventQueue-0] INFO : Пользователь вошел: admin
2025-12-07 17:50:07 [AWT-EventQueue-0] INFO : Приложение запущено
2025-12-07 17:50:07 [AWT-EventQueue-0] INFO : Главное окно приложения отображено
2025-12-07 17:56:32 [AWT-EventQueue-0] INFO : Пользователь вошел: admin
2025-12-07 17:59:36 [AWT-EventQueue-0] INFO : Поиск рейсов выполнен: from='алматы' to='нур-султан' date=''
2025-12-07 18:46:25 [AWT-EventQueue-0] INFO : Пользователь вышел: admin
2025-12-07 18:51:36 [AWT-EventQueue-0] WARN : Неудачная попытка входа: gggggg
2025-12-07 18:51:44 [AWT-EventQueue-0] INFO : Пользователь вошел: admin
2025-12-07 18:52:59 [AWT-EventQueue-0] INFO : Рейс обновлен: KC352
